{"/Users/user/Desktop/homework4/src/sortHeroes.js": {"path":"/Users/user/Desktop/homework4/src/sortHeroes.js","statementMap":{"0":{"start":{"line":2,"column":4},"end":{"line":2,"column":59}},"1":{"start":{"line":2,"column":38},"end":{"line":2,"column":57}}},"fnMap":{"0":{"name":"sortHeroes","decl":{"start":{"line":1,"column":24},"end":{"line":1,"column":34}},"loc":{"start":{"line":1,"column":43},"end":{"line":3,"column":3}},"line":1},"1":{"name":"(anonymous_1)","decl":{"start":{"line":2,"column":28},"end":{"line":2,"column":29}},"loc":{"start":{"line":2,"column":38},"end":{"line":2,"column":57}},"line":2}},"branchMap":{},"s":{"0":4,"1":5},"f":{"0":4,"1":5},"b":{},"_coverageSchema":"1a1c01bbd47fc00a2c39e90264f33305004495a9","hash":"1c895e8d9a3f49921fa19b4bd127a84b7d88076e"}
}
